Determining if the pthread_create exist failed with the following output:
Change Dir: /home/christopher/Simulation/IARC-2018/Simulation/IARCWorld/build/CMakeFiles/CMakeTmp

Run Build Command:"/usr/bin/make" "cmTC_fc7a5/fast"
/usr/bin/make -f CMakeFiles/cmTC_fc7a5.dir/build.make CMakeFiles/cmTC_fc7a5.dir/build
make[1]: Entering directory '/home/christopher/Simulation/IARC-2018/Simulation/IARCWorld/build/CMakeFiles/CMakeTmp'
Building C object CMakeFiles/cmTC_fc7a5.dir/CheckSymbolExists.c.o
/usr/lib/ccache/cc     -o CMakeFiles/cmTC_fc7a5.dir/CheckSymbolExists.c.o   -c /home/christopher/Simulation/IARC-2018/Simulation/IARCWorld/build/CMakeFiles/CMakeTmp/CheckSymbolExists.c
Linking C executable cmTC_fc7a5
/usr/bin/cmake -E cmake_link_script CMakeFiles/cmTC_fc7a5.dir/link.txt --verbose=1
/usr/lib/ccache/cc       CMakeFiles/cmTC_fc7a5.dir/CheckSymbolExists.c.o  -o cmTC_fc7a5 -rdynamic 
CMakeFiles/cmTC_fc7a5.dir/CheckSymbolExists.c.o: In function `main':
CheckSymbolExists.c:(.text+0x16): undefined reference to `pthread_create'
collect2: error: ld returned 1 exit status
CMakeFiles/cmTC_fc7a5.dir/build.make:97: recipe for target 'cmTC_fc7a5' failed
make[1]: *** [cmTC_fc7a5] Error 1
make[1]: Leaving directory '/home/christopher/Simulation/IARC-2018/Simulation/IARCWorld/build/CMakeFiles/CMakeTmp'
Makefile:126: recipe for target 'cmTC_fc7a5/fast' failed
make: *** [cmTC_fc7a5/fast] Error 2

File /home/christopher/Simulation/IARC-2018/Simulation/IARCWorld/build/CMakeFiles/CMakeTmp/CheckSymbolExists.c:
/* */
#include <pthread.h>

int main(int argc, char** argv)
{
  (void)argv;
#ifndef pthread_create
  return ((int*)(&pthread_create))[argc];
#else
  (void)argc;
  return 0;
#endif
}

Determining if the function pthread_create exists in the pthreads failed with the following output:
Change Dir: /home/christopher/Simulation/IARC-2018/Simulation/IARCWorld/build/CMakeFiles/CMakeTmp

Run Build Command:"/usr/bin/make" "cmTC_1d2af/fast"
/usr/bin/make -f CMakeFiles/cmTC_1d2af.dir/build.make CMakeFiles/cmTC_1d2af.dir/build
make[1]: Entering directory '/home/christopher/Simulation/IARC-2018/Simulation/IARCWorld/build/CMakeFiles/CMakeTmp'
Building C object CMakeFiles/cmTC_1d2af.dir/CheckFunctionExists.c.o
/usr/lib/ccache/cc    -DCHECK_FUNCTION_EXISTS=pthread_create   -o CMakeFiles/cmTC_1d2af.dir/CheckFunctionExists.c.o   -c /usr/share/cmake-3.5/Modules/CheckFunctionExists.c
Linking C executable cmTC_1d2af
/usr/bin/cmake -E cmake_link_script CMakeFiles/cmTC_1d2af.dir/link.txt --verbose=1
/usr/lib/ccache/cc   -DCHECK_FUNCTION_EXISTS=pthread_create    CMakeFiles/cmTC_1d2af.dir/CheckFunctionExists.c.o  -o cmTC_1d2af -rdynamic -lpthreads 
/usr/bin/ld: cannot find -lpthreads
collect2: error: ld returned 1 exit status
CMakeFiles/cmTC_1d2af.dir/build.make:97: recipe for target 'cmTC_1d2af' failed
make[1]: *** [cmTC_1d2af] Error 1
make[1]: Leaving directory '/home/christopher/Simulation/IARC-2018/Simulation/IARCWorld/build/CMakeFiles/CMakeTmp'
Makefile:126: recipe for target 'cmTC_1d2af/fast' failed
make: *** [cmTC_1d2af/fast] Error 2


Determining if the pthread_create exist failed with the following output:
Change Dir: /home/christopher/Simulation/IARC-2018/Simulation/IARCWorld/build/CMakeFiles/CMakeTmp

Run Build Command:"/usr/bin/make" "cmTC_a1b30/fast"
/usr/bin/make -f CMakeFiles/cmTC_a1b30.dir/build.make CMakeFiles/cmTC_a1b30.dir/build
make[1]: Entering directory '/home/christopher/Simulation/IARC-2018/Simulation/IARCWorld/build/CMakeFiles/CMakeTmp'
Building C object CMakeFiles/cmTC_a1b30.dir/CheckSymbolExists.c.o
/usr/lib/ccache/cc     -o CMakeFiles/cmTC_a1b30.dir/CheckSymbolExists.c.o   -c /home/christopher/Simulation/IARC-2018/Simulation/IARCWorld/build/CMakeFiles/CMakeTmp/CheckSymbolExists.c
Linking C executable cmTC_a1b30
/usr/bin/cmake -E cmake_link_script CMakeFiles/cmTC_a1b30.dir/link.txt --verbose=1
/usr/lib/ccache/cc       CMakeFiles/cmTC_a1b30.dir/CheckSymbolExists.c.o  -o cmTC_a1b30 -rdynamic 
CMakeFiles/cmTC_a1b30.dir/CheckSymbolExists.c.o: In function `main':
CheckSymbolExists.c:(.text+0x16): undefined reference to `pthread_create'
collect2: error: ld returned 1 exit status
CMakeFiles/cmTC_a1b30.dir/build.make:97: recipe for target 'cmTC_a1b30' failed
make[1]: *** [cmTC_a1b30] Error 1
make[1]: Leaving directory '/home/christopher/Simulation/IARC-2018/Simulation/IARCWorld/build/CMakeFiles/CMakeTmp'
Makefile:126: recipe for target 'cmTC_a1b30/fast' failed
make: *** [cmTC_a1b30/fast] Error 2

File /home/christopher/Simulation/IARC-2018/Simulation/IARCWorld/build/CMakeFiles/CMakeTmp/CheckSymbolExists.c:
/* */
#include <pthread.h>

int main(int argc, char** argv)
{
  (void)argv;
#ifndef pthread_create
  return ((int*)(&pthread_create))[argc];
#else
  (void)argc;
  return 0;
#endif
}

Determining if the function pthread_create exists in the pthreads failed with the following output:
Change Dir: /home/christopher/Simulation/IARC-2018/Simulation/IARCWorld/build/CMakeFiles/CMakeTmp

Run Build Command:"/usr/bin/make" "cmTC_4193b/fast"
/usr/bin/make -f CMakeFiles/cmTC_4193b.dir/build.make CMakeFiles/cmTC_4193b.dir/build
make[1]: Entering directory '/home/christopher/Simulation/IARC-2018/Simulation/IARCWorld/build/CMakeFiles/CMakeTmp'
Building C object CMakeFiles/cmTC_4193b.dir/CheckFunctionExists.c.o
/usr/lib/ccache/cc    -DCHECK_FUNCTION_EXISTS=pthread_create   -o CMakeFiles/cmTC_4193b.dir/CheckFunctionExists.c.o   -c /usr/share/cmake-3.5/Modules/CheckFunctionExists.c
Linking C executable cmTC_4193b
/usr/bin/cmake -E cmake_link_script CMakeFiles/cmTC_4193b.dir/link.txt --verbose=1
/usr/lib/ccache/cc   -DCHECK_FUNCTION_EXISTS=pthread_create    CMakeFiles/cmTC_4193b.dir/CheckFunctionExists.c.o  -o cmTC_4193b -rdynamic -lpthreads 
/usr/bin/ld: cannot find -lpthreads
collect2: error: ld returned 1 exit status
CMakeFiles/cmTC_4193b.dir/build.make:97: recipe for target 'cmTC_4193b' failed
make[1]: *** [cmTC_4193b] Error 1
make[1]: Leaving directory '/home/christopher/Simulation/IARC-2018/Simulation/IARCWorld/build/CMakeFiles/CMakeTmp'
Makefile:126: recipe for target 'cmTC_4193b/fast' failed
make: *** [cmTC_4193b/fast] Error 2


